<?xml version="1.0" encoding="UTF-8"?>
<!-- Generated by org.testng.reporters.JUnitReportReporter -->
<testsuite skipped="0" hostname="sh7-PC" name="testscripts.PhotoTest" tests="1" failures="0" timestamp="25 Jun 2018 09:55:45 GMT" time="52.900" errors="0">
  <testcase name="photo" time="52.900" classname="testscripts.PhotoTest"/>
</testsuite> <!-- testscripts.PhotoTest -->
