<?xml version="1.0" encoding="UTF-8"?>
<!-- Generated by org.testng.reporters.JUnitReportReporter -->
<testsuite skipped="0" hostname="sh7-PC" name="testscripts.SummaryTest" tests="1" failures="0" timestamp="21 Jun 2018 17:58:16 GMT" time="43.472" errors="0">
  <testcase name="summary" time="43.472" classname="testscripts.SummaryTest"/>
</testsuite> <!-- testscripts.SummaryTest -->
