<?xml version="1.0" encoding="UTF-8"?>
<!-- Generated by org.testng.reporters.JUnitReportReporter -->
<testsuite skipped="0" hostname="sh7-PC" name="testscripts.PendingViewTest" tests="1" failures="0" timestamp="25 Jun 2018 09:55:45 GMT" time="44.326" errors="0">
  <testcase name="pending" time="44.326" classname="testscripts.PendingViewTest"/>
</testsuite> <!-- testscripts.PendingViewTest -->
