<?xml version="1.0" encoding="UTF-8"?>
<!-- Generated by org.testng.reporters.JUnitReportReporter -->
<testsuite skipped="0" hostname="sh7-PC" name="testscripts.HomeTest" tests="1" failures="0" timestamp="21 Jun 2018 17:26:07 GMT" time="73.723" errors="0">
  <testcase name="uploadingCV" time="73.723" classname="testscripts.HomeTest"/>
</testsuite> <!-- testscripts.HomeTest -->
